





[JavaFX Application Thread] ERROR bg.tu_varna.sit.vino.project_vino_group12.business.services.ProductionService  - false Production{id_production=1, wine=Varna, bottle=500ml, produced_bottles=40} Production{id_production=0, wine=Sasho1, bottle=10ml, produced_bottles=100}
[JavaFX Application Thread] ERROR bg.tu_varna.sit.vino.project_vino_group12.business.services.ProductionService  - false Production{id_production=9, wine=Sasho1, bottle=750ml, produced_bottles=4} Production{id_production=0, wine=Sasho1, bottle=10ml, produced_bottles=100}
[JavaFX Application Thread] ERROR bg.tu_varna.sit.vino.project_vino_group12.business.services.ProductionService  - false Production{id_production=11, wine=Sasho1, bottle=10ml, produced_bottles=100} Production{id_production=0, wine=Sasho1, bottle=10ml, produced_bottles=100}
[JavaFX Application Thread] ERROR bg.tu_varna.sit.vino.project_vino_group12.data.repositories.ProductionRepository  - line 64null
[JavaFX Application Thread] ERROR bg.tu_varna.sit.vino.project_vino_group12.data.repositories.ProductionRepository  - Production delete errorCannot invoke "bg.tu_varna.sit.vino.project_vino_group12.data.entities.Production.getId_production()" because "obj" is null
[JavaFX Application Thread] ERROR bg.tu_varna.sit.vino.project_vino_group12.business.services.ProductionService  - false Production{id_production=1, wine=Varna, bottle=500ml, produced_bottles=40} Production{id_production=0, wine=Sasho1, bottle=10ml, produced_bottles=100}
[JavaFX Application Thread] ERROR bg.tu_varna.sit.vino.project_vino_group12.business.services.ProductionService  - false Production{id_production=9, wine=Sasho1, bottle=750ml, produced_bottles=4} Production{id_production=0, wine=Sasho1, bottle=10ml, produced_bottles=100}
[JavaFX Application Thread] ERROR bg.tu_varna.sit.vino.project_vino_group12.business.services.ProductionService  - false Production{id_production=11, wine=Sasho1, bottle=10ml, produced_bottles=100} Production{id_production=0, wine=Sasho1, bottle=10ml, produced_bottles=100}
[JavaFX Application Thread] ERROR bg.tu_varna.sit.vino.project_vino_group12.data.repositories.ProductionRepository  - line 64null
[JavaFX Application Thread] ERROR bg.tu_varna.sit.vino.project_vino_group12.data.repositories.ProductionRepository  - Production delete errorCannot invoke "bg.tu_varna.sit.vino.project_vino_group12.data.entities.Production.getId_production()" because "obj" is null
[JavaFX Application Thread] ERROR bg.tu_varna.sit.vino.project_vino_group12.business.services.ProductionService  - false Production{id_production=1, wine=Varna 99, bottle=500ml, produced_bottles=40} Production{id_production=0, wine=Sasho1 95, bottle=10ml, produced_bottles=100}
[JavaFX Application Thread] ERROR bg.tu_varna.sit.vino.project_vino_group12.business.services.ProductionService  - false Production{id_production=9, wine=Sasho1 95, bottle=750ml, produced_bottles=4} Production{id_production=0, wine=Sasho1 95, bottle=10ml, produced_bottles=100}
[JavaFX Application Thread] ERROR bg.tu_varna.sit.vino.project_vino_group12.business.services.ProductionService  - false Production{id_production=11, wine=Sasho1 95, bottle=10ml, produced_bottles=100} Production{id_production=0, wine=Sasho1 95, bottle=10ml, produced_bottles=100}
[JavaFX Application Thread] ERROR bg.tu_varna.sit.vino.project_vino_group12.data.repositories.ProductionRepository  - line 64null
[JavaFX Application Thread] ERROR bg.tu_varna.sit.vino.project_vino_group12.data.repositories.ProductionRepository  - Production delete errorCannot invoke "bg.tu_varna.sit.vino.project_vino_group12.data.entities.Production.getId_production()" because "obj" is null
[JavaFX Application Thread] ERROR bg.tu_varna.sit.vino.project_vino_group12.business.services.ProductionService  - false Production{id_production=1, wine=Varna 99, bottle=500ml, produced_bottles=40} Production{id_production=0, wine=Sasho1 95, bottle=10ml, produced_bottles=100}
[JavaFX Application Thread] ERROR bg.tu_varna.sit.vino.project_vino_group12.business.services.ProductionService  - false Production{id_production=9, wine=Sasho1 95, bottle=750ml, produced_bottles=4} Production{id_production=0, wine=Sasho1 95, bottle=10ml, produced_bottles=100}
[JavaFX Application Thread] ERROR bg.tu_varna.sit.vino.project_vino_group12.business.services.ProductionService  - true Production{id_production=11, wine=Sasho1 95, bottle=10ml, produced_bottles=100} Production{id_production=0, wine=Sasho1 95, bottle=10ml, produced_bottles=100}
[JavaFX Application Thread] ERROR bg.tu_varna.sit.vino.project_vino_group12.data.repositories.ProductionRepository  - line 64Production{id_production=11, wine=Sasho1 95, bottle=10ml, produced_bottles=100}
[JavaFX Application Thread] ERROR org.hibernate.engine.jdbc.spi.SqlExceptionHelper  - Access denied for user 'root'@'localhost' (using password: YES)
[JavaFX Application Thread] ERROR bg.tu_varna.sit.vino.project_vino_group12.data.access.Connection  - Initial SessionFactory errororg.hibernate.service.spi.ServiceException: Unable to create requested service [org.hibernate.engine.jdbc.env.spi.JdbcEnvironment]
[JavaFX Application Thread] ERROR bg.tu_varna.sit.vino.project_vino_group12.data.repositories.BottlesRepository  - Bottle errorUpdate/delete queries cannot be typed
[JavaFX Application Thread] ERROR bg.tu_varna.sit.vino.project_vino_group12.business.services.GrapeService  - Error: java.lang.NullPointerException: Cannot invoke "bg.tu_varna.sit.vino.project_vino_group12.business.services.GrapeService.checkIfGrapeExists(bg.tu_varna.sit.vino.project_vino_group12.data.entities.Grape)" because "this.grapeService" is null
[JavaFX Application Thread] ERROR bg.tu_varna.sit.vino.project_vino_group12.business.services.GrapeService  - Error: java.lang.NullPointerException: Cannot invoke "bg.tu_varna.sit.vino.project_vino_group12.business.services.GrapeService.checkIfGrapeExists(bg.tu_varna.sit.vino.project_vino_group12.data.entities.Grape)" because "this.grapeService" is null
[JavaFX Application Thread] ERROR bg.tu_varna.sit.vino.project_vino_group12.business.services.GrapeWinesService  - Errorjavax.persistence.OptimisticLockException: Batch update returned unexpected row count from update [0]; actual row count: 0; expected: 1; statement executed: update grozde set name_sort=?, quantity_by_kg=?, id_sort_color=?, sort_quantity=? where id_sort=?
[JavaFX Application Thread] ERROR bg.tu_varna.sit.vino.project_vino_group12.business.services.GrapeWinesService  - Errorjavax.persistence.OptimisticLockException: Batch update returned unexpected row count from update [0]; actual row count: 0; expected: 1; statement executed: update grozde set name_sort=?, quantity_by_kg=?, id_sort_color=?, sort_quantity=? where id_sort=?
[JavaFX Application Thread] ERROR org.hibernate.engine.jdbc.spi.SqlExceptionHelper  - Cannot delete or update a parent row: a foreign key constraint fails (`wine`.`grozde`, CONSTRAINT `` FOREIGN KEY (`id_sort_color`) REFERENCES `sort_color` (`id_sort_color`))
[JavaFX Application Thread] ERROR org.hibernate.engine.jdbc.spi.SqlExceptionHelper  - Cannot delete or update a parent row: a foreign key constraint fails (`wine`.`grozde`, CONSTRAINT `` FOREIGN KEY (`id_sort_color`) REFERENCES `sort_color` (`id_sort_color`))
[JavaFX Application Thread] ERROR org.hibernate.engine.jdbc.spi.SqlExceptionHelper  - Cannot delete or update a parent row: a foreign key constraint fails (`wine`.`grozde_wine`, CONSTRAINT `fk_wine` FOREIGN KEY (`id_wine`) REFERENCES `wines` (`id_wine`))
[JavaFX Application Thread] ERROR org.hibernate.engine.jdbc.spi.SqlExceptionHelper  - Cannot delete or update a parent row: a foreign key constraint fails (`wine`.`grozde`, CONSTRAINT `` FOREIGN KEY (`id_sort_color`) REFERENCES `sort_color` (`id_sort_color`))
[JavaFX Application Thread] ERROR org.hibernate.engine.jdbc.spi.SqlExceptionHelper  - Cannot delete or update a parent row: a foreign key constraint fails (`wine`.`grozde_wine`, CONSTRAINT `fk_wine` FOREIGN KEY (`id_wine`) REFERENCES `wines` (`id_wine`))
[JavaFX Application Thread] ERROR org.hibernate.engine.jdbc.spi.SqlExceptionHelper  - Cannot delete or update a parent row: a foreign key constraint fails (`wine`.`grozde`, CONSTRAINT `` FOREIGN KEY (`id_sort_color`) REFERENCES `sort_color` (`id_sort_color`))
[JavaFX Application Thread] ERROR org.hibernate.engine.jdbc.spi.SqlExceptionHelper  - Cannot delete or update a parent row: a foreign key constraint fails (`wine`.`grozde`, CONSTRAINT `` FOREIGN KEY (`id_sort_color`) REFERENCES `sort_color` (`id_sort_color`))
[JavaFX Application Thread] ERROR org.hibernate.engine.jdbc.spi.SqlExceptionHelper  - Cannot delete or update a parent row: a foreign key constraint fails (`wine`.`grozde`, CONSTRAINT `` FOREIGN KEY (`id_sort_color`) REFERENCES `sort_color` (`id_sort_color`))
[JavaFX Application Thread] ERROR org.hibernate.engine.jdbc.spi.SqlExceptionHelper  - Cannot delete or update a parent row: a foreign key constraint fails (`wine`.`grozde`, CONSTRAINT `` FOREIGN KEY (`id_sort_color`) REFERENCES `sort_color` (`id_sort_color`))
[JavaFX Application Thread] ERROR org.hibernate.engine.jdbc.spi.SqlExceptionHelper  - Cannot delete or update a parent row: a foreign key constraint fails (`wine`.`production`, CONSTRAINT `Production_Wine_FK` FOREIGN KEY (`id_wine`) REFERENCES `wines` (`id_wine`))
[JavaFX Application Thread] ERROR org.hibernate.engine.jdbc.spi.SqlExceptionHelper  - Cannot delete or update a parent row: a foreign key constraint fails (`wine`.`production`, CONSTRAINT `Production_Wine_FK` FOREIGN KEY (`id_wine`) REFERENCES `wines` (`id_wine`))
[JavaFX Application Thread] ERROR org.hibernate.engine.jdbc.spi.SqlExceptionHelper  - Cannot delete or update a parent row: a foreign key constraint fails (`wine`.`production`, CONSTRAINT `Production_Wine_FK` FOREIGN KEY (`id_wine`) REFERENCES `wines` (`id_wine`))
[JavaFX Application Thread] ERROR org.hibernate.engine.jdbc.spi.SqlExceptionHelper  - Cannot delete or update a parent row: a foreign key constraint fails (`wine`.`production`, CONSTRAINT `Production_Wine_FK` FOREIGN KEY (`id_wine`) REFERENCES `wines` (`id_wine`))
[JavaFX Application Thread] ERROR org.hibernate.engine.jdbc.spi.SqlExceptionHelper  - Cannot delete or update a parent row: a foreign key constraint fails (`wine`.`production`, CONSTRAINT `Production_Wine_FK` FOREIGN KEY (`id_wine`) REFERENCES `wines` (`id_wine`))
[JavaFX Application Thread] ERROR org.hibernate.engine.jdbc.spi.SqlExceptionHelper  - Cannot delete or update a parent row: a foreign key constraint fails (`wine`.`production`, CONSTRAINT `Production_Wine_FK` FOREIGN KEY (`id_wine`) REFERENCES `wines` (`id_wine`))
[JavaFX Application Thread] ERROR org.hibernate.engine.jdbc.spi.SqlExceptionHelper  - Cannot delete or update a parent row: a foreign key constraint fails (`wine`.`production`, CONSTRAINT `Production_Wine_FK` FOREIGN KEY (`id_wine`) REFERENCES `wines` (`id_wine`))
[JavaFX Application Thread] ERROR org.hibernate.engine.jdbc.spi.SqlExceptionHelper  - Cannot delete or update a parent row: a foreign key constraint fails (`wine`.`production`, CONSTRAINT `Production_Bottle_FK` FOREIGN KEY (`id_bottle`) REFERENCES `bottles` (`id_bottle`))
[JavaFX Application Thread] ERROR bg.tu_varna.sit.vino.project_vino_group12.business.services.BottlesService  - Error deleting bottle 1000ml
[JavaFX Application Thread] ERROR org.hibernate.engine.jdbc.spi.SqlExceptionHelper  - Cannot delete or update a parent row: a foreign key constraint fails (`wine`.`production`, CONSTRAINT `Production_Bottle_FK` FOREIGN KEY (`id_bottle`) REFERENCES `bottles` (`id_bottle`))
[JavaFX Application Thread] ERROR bg.tu_varna.sit.vino.project_vino_group12.business.services.BottlesService  - Error deleting bottle 1000ml
[JavaFX Application Thread] ERROR org.hibernate.engine.jdbc.spi.SqlExceptionHelper  - Cannot delete or update a parent row: a foreign key constraint fails (`wine`.`production`, CONSTRAINT `Production_Bottle_FK` FOREIGN KEY (`id_bottle`) REFERENCES `bottles` (`id_bottle`))
[JavaFX Application Thread] ERROR bg.tu_varna.sit.vino.project_vino_group12.business.services.BottlesService  - Error deleting bottle 1000ml
[JavaFX Application Thread] ERROR org.hibernate.engine.jdbc.spi.SqlExceptionHelper  - Cannot delete or update a parent row: a foreign key constraint fails (`wine`.`production`, CONSTRAINT `Production_Bottle_FK` FOREIGN KEY (`id_bottle`) REFERENCES `bottles` (`id_bottle`))
[JavaFX Application Thread] ERROR bg.tu_varna.sit.vino.project_vino_group12.business.services.BottlesService  - Error deleting bottle 1000ml
[JavaFX Application Thread] ERROR org.hibernate.engine.jdbc.spi.SqlExceptionHelper  - Cannot delete or update a parent row: a foreign key constraint fails (`wine`.`production`, CONSTRAINT `Production_Bottle_FK` FOREIGN KEY (`id_bottle`) REFERENCES `bottles` (`id_bottle`))
[JavaFX Application Thread] ERROR bg.tu_varna.sit.vino.project_vino_group12.business.services.BottlesService  - Error deleting bottle 1000ml
[JavaFX Application Thread] ERROR org.hibernate.engine.jdbc.spi.SqlExceptionHelper  - Cannot delete or update a parent row: a foreign key constraint fails (`wine`.`production`, CONSTRAINT `Production_Bottle_FK` FOREIGN KEY (`id_bottle`) REFERENCES `bottles` (`id_bottle`))
[JavaFX Application Thread] ERROR bg.tu_varna.sit.vino.project_vino_group12.business.services.BottlesService  - Error deleting bottle 1000ml
[JavaFX Application Thread] ERROR org.hibernate.engine.jdbc.spi.SqlExceptionHelper  - Cannot delete or update a parent row: a foreign key constraint fails (`wine`.`production`, CONSTRAINT `Production_Wine_FK` FOREIGN KEY (`id_wine`) REFERENCES `wines` (`id_wine`))
[JavaFX Application Thread] ERROR bg.tu_varna.sit.vino.project_vino_group12.data.repositories.GrapeWinesRepository  - GrapeWines delete errorattempt to create delete event with null entity
[JavaFX Application Thread] ERROR org.hibernate.engine.jdbc.spi.SqlExceptionHelper  - Cannot delete or update a parent row: a foreign key constraint fails (`wine`.`production`, CONSTRAINT `Production_Wine_FK` FOREIGN KEY (`id_wine`) REFERENCES `wines` (`id_wine`))
[JavaFX Application Thread] ERROR bg.tu_varna.sit.vino.project_vino_group12.business.services.AdminService  - Admin not found!
[JavaFX Application Thread] ERROR bg.tu_varna.sit.vino.project_vino_group12.business.services.AdminService  - Admin login error!
[JavaFX Application Thread] ERROR bg.tu_varna.sit.vino.project_vino_group12.business.services.AdminService  - Admin not found!
[JavaFX Application Thread] ERROR bg.tu_varna.sit.vino.project_vino_group12.business.services.AdminService  - Admin login error!
[JavaFX Application Thread] ERROR org.hibernate.engine.jdbc.spi.SqlExceptionHelper  - Access denied for user 'root'@'localhost' (using password: YES)
[JavaFX Application Thread] ERROR bg.tu_varna.sit.vino.project_vino_group12.data.access.Connection  - Initial SessionFactory errororg.hibernate.service.spi.ServiceException: Unable to create requested service [org.hibernate.engine.jdbc.env.spi.JdbcEnvironment]
[JavaFX Application Thread] ERROR bg.tu_varna.sit.vino.project_vino_group12.data.repositories.GrapeRepository  - Grape update errorA different object with the same identifier value was already associated with the session : [bg.tu_varna.sit.vino.project_vino_group12.data.entities.Grape#32]
[JavaFX Application Thread] ERROR bg.tu_varna.sit.vino.project_vino_group12.business.services.GrapeWinesService  - Errorjavax.persistence.EntityExistsException: A different object with the same identifier value was already associated with the session : [bg.tu_varna.sit.vino.project_vino_group12.data.entities.Grape#32]
[JavaFX Application Thread] INFO  bg.tu_varna.sit.vino.project_vino_group12.data.repositories.AdminRepository  - Get all admins!
[JavaFX Application Thread] INFO  bg.tu_varna.sit.vino.project_vino_group12.business.services.AdminService  - Admin found by name:1
[JavaFX Application Thread] INFO  bg.tu_varna.sit.vino.project_vino_group12.data.repositories.AdminRepository  - Get all admins!
[JavaFX Application Thread] INFO  bg.tu_varna.sit.vino.project_vino_group12.business.services.AdminService  - Admin: 1 already exists!
[JavaFX Application Thread] INFO  bg.tu_varna.sit.vino.project_vino_group12.business.services.AdminService  - Admin login successful!
[JavaFX Application Thread] INFO  bg.tu_varna.sit.vino.project_vino_group12.data.repositories.AdminRepository  - Get all admins!
[JavaFX Application Thread] INFO  bg.tu_varna.sit.vino.project_vino_group12.business.services.AdminService  - Admin found by name:1
[JavaFX Application Thread] INFO  bg.tu_varna.sit.vino.project_vino_group12.data.repositories.AdminRepository  - Get all admins!
[JavaFX Application Thread] INFO  bg.tu_varna.sit.vino.project_vino_group12.business.services.AdminService  - Admin: 1 already exists!
[JavaFX Application Thread] INFO  bg.tu_varna.sit.vino.project_vino_group12.business.services.AdminService  - Admin login successful!
[JavaFX Application Thread] INFO  bg.tu_varna.sit.vino.project_vino_group12.data.repositories.AdminRepository  - Get all admins!
[JavaFX Application Thread] INFO  bg.tu_varna.sit.vino.project_vino_group12.data.repositories.AdminRepository  - Get all admins!
[JavaFX Application Thread] INFO  bg.tu_varna.sit.vino.project_vino_group12.business.services.AdminService  - Admin: 1 already exists!
[JavaFX Application Thread] INFO  bg.tu_varna.sit.vino.project_vino_group12.business.services.AdminService  - Admin login successful!
[JavaFX Application Thread] INFO  bg.tu_varna.sit.vino.project_vino_group12.data.repositories.AdminRepository  - Get all admins!
[JavaFX Application Thread] INFO  bg.tu_varna.sit.vino.project_vino_group12.data.repositories.AdminRepository  - Get all admins!
[JavaFX Application Thread] INFO  bg.tu_varna.sit.vino.project_vino_group12.business.services.AdminService  - Admin login successful!
[JavaFX Application Thread] INFO  bg.tu_varna.sit.vino.project_vino_group12.data.repositories.AdminRepository  - Get all admins!
[JavaFX Application Thread] INFO  bg.tu_varna.sit.vino.project_vino_group12.business.services.AdminService  - Admin login successful!
[JavaFX Application Thread] INFO  bg.tu_varna.sit.vino.project_vino_group12.data.repositories.OperatorRepository  - Get all operators!
[JavaFX Application Thread] INFO  bg.tu_varna.sit.vino.project_vino_group12.business.services.OperatorService  - Operator login successful!
[JavaFX Application Thread] INFO  bg.tu_varna.sit.vino.project_vino_group12.data.repositories.WinesRepository  - Get all wines!
[JavaFX Application Thread] INFO  bg.tu_varna.sit.vino.project_vino_group12.data.repositories.WinesRepository  - Get all wines!
[JavaFX Application Thread] INFO  bg.tu_varna.sit.vino.project_vino_group12.data.repositories.GrapeWinesRepository  - Get all grapesWines!
[JavaFX Application Thread] INFO  bg.tu_varna.sit.vino.project_vino_group12.data.repositories.ProductionRepository  - Get all productions!
[JavaFX Application Thread] ERROR bg.tu_varna.sit.vino.project_vino_group12.business.services.WinesService  - Wine is in production! Deleting wine: Merlo aborted!
[JavaFX Application Thread] INFO  bg.tu_varna.sit.vino.project_vino_group12.data.repositories.ProductionRepository  - Get all productions!
[JavaFX Application Thread] INFO  bg.tu_varna.sit.vino.project_vino_group12.data.repositories.ProductionRepository  - Get all productions!
[JavaFX Application Thread] INFO  bg.tu_varna.sit.vino.project_vino_group12.data.repositories.WinesRepository  - Get all wines!
[JavaFX Application Thread] INFO  bg.tu_varna.sit.vino.project_vino_group12.data.repositories.BottlesRepository  - Get all bottles!
[JavaFX Application Thread] INFO  bg.tu_varna.sit.vino.project_vino_group12.business.services.BottlesService  - Bottle 750ml found!
[JavaFX Application Thread] INFO  bg.tu_varna.sit.vino.project_vino_group12.data.repositories.ProductionRepository  - Production deleted successfully!
[JavaFX Application Thread] INFO  bg.tu_varna.sit.vino.project_vino_group12.business.services.ProductionService  - Successfully deleted production: 22
[JavaFX Application Thread] INFO  bg.tu_varna.sit.vino.project_vino_group12.data.repositories.WinesRepository  - Get all wines!
[JavaFX Application Thread] INFO  bg.tu_varna.sit.vino.project_vino_group12.data.repositories.WinesRepository  - Get all wines!
[JavaFX Application Thread] INFO  bg.tu_varna.sit.vino.project_vino_group12.data.repositories.GrapeWinesRepository  - Get all grapesWines!
[JavaFX Application Thread] INFO  bg.tu_varna.sit.vino.project_vino_group12.data.repositories.ProductionRepository  - Get all productions!
[JavaFX Application Thread] INFO  bg.tu_varna.sit.vino.project_vino_group12.business.services.ProductionService  - Wine: Merlo not in production
[JavaFX Application Thread] INFO  bg.tu_varna.sit.vino.project_vino_group12.data.repositories.GrapeWinesRepository  - GrapeWines deleted successfully!
[JavaFX Application Thread] INFO  bg.tu_varna.sit.vino.project_vino_group12.data.repositories.WinesRepository  - Wines deleted successfully!
[JavaFX Application Thread] INFO  bg.tu_varna.sit.vino.project_vino_group12.business.services.WinesService  - Wine: Merlo deleted successfully!
[JavaFX Application Thread] INFO  bg.tu_varna.sit.vino.project_vino_group12.business.services.AdminService  - Admin login successful!
